<?xml version="1.0" encoding="UTF-8"?>
<TestRun id="3acd98eb-b95e-4c08-9c05-d2c6e0ddd8cc" name="zlanusic@ZLANUSIC_DELL 2012-04-04 20:20:00" runUser="zlanusic_dell\zlanusic" xmlns="http://microsoft.com/schemas/VisualStudio/TeamTest/2006">
  <TestRunConfiguration name="Local Test Run" id="0a3a4717-4c47-4bd4-9b00-4d75c5fb2ba5">
    <Description>This is a default test run configuration for a local test run.</Description>
    <Deployment runDeploymentRoot="C:\Users\zlanusic\Documents\Visual Studio 2008\Projects\Project1\Main_repo\BattleShip\TestResults\zlanusic_ZLANUSIC_DELL 2012-04-04 20_20_00">
      <DeploymentItem filename="C:\Users\zlanusic\Documents\Visual Studio 2008\Projects\Project1\Main_repo\BattleShip\BattleShipModul\bin\Debug\BattleShipModul.dll" />
    </Deployment>
    <TestTypeSpecific />
  </TestRunConfiguration>
  <ResultSummary outcome="Failed">
    <Counters total="1" executed="1" error="0" failed="1" timeout="0" aborted="0" inconclusive="0" passedButRunAborted="0" notRunnable="0" notExecuted="0" disconnected="0" warning="0" passed="0" completed="0" inProgress="0" pending="0" />
  </ResultSummary>
  <Times creation="2012-04-04T20:20:00.2180788+02:00" queuing="2012-04-04T20:20:01.6251592+02:00" start="2012-04-04T20:20:01.8701733+02:00" finish="2012-04-04T20:20:02.7352227+02:00" />
  <TestDefinitions>
    <UnitTest name="GetFreeStartingSquaresTest" storage="c:\users\zlanusic\documents\visual studio 2008\projects\project1\main_repo\battleship\testproject\bin\debug\testproject.dll" id="26f64403-8e1c-4e69-1cdc-6adaa65db356">
      <Css projectStructure="" iteration="" />
      <Owners>
        <Owner name="" />
      </Owners>
      <Execution id="093d39b4-82a6-4ae1-b4ca-ddbe596799bb" />
      <TestMethod codeBase="C:\Users\zlanusic\Documents\Visual Studio 2008\Projects\Project1\Main_repo\BattleShip\TestProject\bin\Debug\TestProject.dll" adapterTypeName="Microsoft.VisualStudio.TestTools.TestTypes.Unit.UnitTestAdapter, Microsoft.VisualStudio.QualityTools.Tips.UnitTest.Adapter, Version=9.0.0.0, Culture=neutral, PublicKeyToken=b03f5f7f11d50a3a" className="TestProject.GridTest, TestProject" name="GetFreeStartingSquaresTest" />
    </UnitTest>
  </TestDefinitions>
  <TestLists>
    <TestList name="Results Not in a List" id="8c84fa94-04c1-424b-9868-57a2d4851a1d" />
    <TestList name="All Loaded Results" id="19431567-8539-422a-85d7-44ee4e166bda" />
  </TestLists>
  <TestEntries>
    <TestEntry testId="26f64403-8e1c-4e69-1cdc-6adaa65db356" executionId="093d39b4-82a6-4ae1-b4ca-ddbe596799bb" testListId="8c84fa94-04c1-424b-9868-57a2d4851a1d" />
  </TestEntries>
  <Results>
    <UnitTestResult executionId="093d39b4-82a6-4ae1-b4ca-ddbe596799bb" testId="26f64403-8e1c-4e69-1cdc-6adaa65db356" testName="GetFreeStartingSquaresTest" computerName="ZLANUSIC_DELL" duration="00:00:00.0866361" startTime="2012-04-04T20:20:01.9711790+02:00" endTime="2012-04-04T20:20:02.6672188+02:00" testType="13cdc9d9-ddb5-4fa4-a97d-d965ccfc6d4b" outcome="Failed" testListId="8c84fa94-04c1-424b-9868-57a2d4851a1d">
      <Output>
        <ErrorInfo>
          <Message>Test method TestProject.GridTest.GetFreeStartingSquaresTest threw exception:  System.IndexOutOfRangeException: Index was outside the bounds of the array..</Message>
          <StackTrace>    at VsiTe.BattleShipModul.Grid.GetFreeHorizontalSquares(Int32 lenght) in C:\Users\zlanusic\Documents\Visual Studio 2008\Projects\Project1\Main_repo\BattleShip\BattleShipModul\Grid.cs:line 56
   at VsiTe.BattleShipModul.Grid.GetFreeStartingSquares(Int32 lenght, Orientation orientation) in C:\Users\zlanusic\Documents\Visual Studio 2008\Projects\Project1\Main_repo\BattleShip\BattleShipModul\Grid.cs:line 31
   at TestProject.GridTest.GetFreeStartingSquaresTest() in C:\Users\zlanusic\Documents\Visual Studio 2008\Projects\Project1\Main_repo\BattleShip\TestProject\GridTest.cs:line 75
</StackTrace>
        </ErrorInfo>
      </Output>
    </UnitTestResult>
  </Results>
</TestRun>